Arguments: 
  /usr/local/bin/node /usr/local/bin/yarn run storybpok

PATH: 
  /home/mohan/bin:/home/mohan/.local/bin:/usr/local/sbin:/usr/local/bin:/usr/sbin:/usr/bin:/sbin:/bin:/usr/games:/usr/local/games:/snap/bin

Yarn version: 
  1.5.1

Node version: 
  9.6.1

Platform: 
  linux x64

npm manifest: 
  {
    "name": "simple-react-file-uploader",
    "version": "1.1.2",
    "description": "React Component for single or multiple file upload.",
    "repository": {
      "type": "git",
      "url": "https://github.com/mhnpd/simple-react-file-uploader"
    },
    "author": "Mohan Pd.",
    "license": "MIT",
    "bugs": {
      "url": "https://github.com/mhnpd/simple-react-file-uploader/issues"
    },
    "homepage": "https://github.com/mhnpd/simple-react-file-uploader",
    "keywords": [
      "react-component",
      "react-image-uploader",
      "react"
    ],
    "options": {
      "mocha": "--require scripts/mocha_runner src/**/__tests__/**/*.js"
    },
    "scripts": {
      "prepublish": "babel --plugins transform-es2015-modules-umd src --ignore __tests__ --out-dir ./dist",
      "lint": "eslint ./src",
      "lintfix": "eslint ./src --fix",
      "testonly": "mocha $npm_package_options_mocha",
      "test": "npm run lint && npm run testonly",
      "test-watch": "npm run testonly -- --watch --watch-extensions js",
      "storybook": "start-storybook -p 6006",
      "build-storybook": "build-storybook"
    },
    "devDependencies": {
      "@storybook/addon-actions": "^3.3.15",
      "@storybook/addon-links": "^3.3.15",
      "@storybook/addons": "^3.3.15",
      "@storybook/react": "^3.3.15",
      "babel-cli": "^6.6.4",
      "babel-core": "^6.7.4",
      "babel-eslint": "^6.0.2",
      "babel-plugin-transform-es2015-modules-umd": "^6.6.5",
      "babel-polyfill": "^6.7.4",
      "babel-preset-es2015": "^6.6.0",
      "babel-preset-react": "^6.5.0",
      "babel-preset-stage-2": "^6.5.0",
      "chai": "^3.5.0",
      "enzyme": "^2.2.0",
      "eslint": "^2.7.0",
      "eslint-plugin-babel": "^3.1.0",
      "eslint-plugin-react": "^4.2.3",
      "jsdom": "^8.1.0",
      "mocha": "^2.4.5",
      "nodemon": "^1.9.1",
      "react": "^15.0.0",
      "react-addons-test-utils": "^15.0.0",
      "react-dom": "^15.0.0",
      "sinon": "^1.17.3"
    },
    "peerDependencies": {
      "react": "~0.14.8 || ^15.0.0",
      "react-dom": "~0.14.8 || ^15.0.0"
    },
    "dependencies": {
      "babel-runtime": "^6.6.1",
      "node-sass": "^4.7.2",
      "prop-types": "^15.6.1"
    }
  }

yarn manifest: 
  No manifest

Lockfile: 
  No lockfile

Trace: 
  Error: Command "storybpok" not found. Did you mean "storybook"?
      at new MessageError (/usr/local/lib/node_modules/yarn/lib/cli.js:186:110)
      at /usr/local/lib/node_modules/yarn/lib/cli.js:87307:17
      at Generator.next (<anonymous>)
      at step (/usr/local/lib/node_modules/yarn/lib/cli.js:98:30)
      at /usr/local/lib/node_modules/yarn/lib/cli.js:116:14
      at new Promise (<anonymous>)
      at new F (/usr/local/lib/node_modules/yarn/lib/cli.js:23451:28)
      at /usr/local/lib/node_modules/yarn/lib/cli.js:95:12
      at runCommand (/usr/local/lib/node_modules/yarn/lib/cli.js:87312:22)
      at Object.<anonymous> (/usr/local/lib/node_modules/yarn/lib/cli.js:87412:14)
